KidsAlphabet/app/build/outputs/logs/manifest-merger-debug-report.txt
-- Merging decision tree log ---
manifest
ADDED from src\main\AndroidManifest.xml:2:1-40:12
INJECTED from src\main\AndroidManifest.xml:2:1-40:12
INJECTED from src\main\AndroidManifest.xml:2:1-40:12
INJECTED from src\main\AndroidManifest.xml:2:1-40:12
INJECTED from src\main\AndroidManifest.xml:2:1-40:12
INJECTED from src\main\AndroidManifest.xml:2:1-40:12
INJECTED from src\main\AndroidManifest.xml:2:1-40:12
	package
		ADDED from src\main\AndroidManifest.xml:3:7-33
		INJECTED from src\main\AndroidManifest.xml
		INJECTED from src\main\AndroidManifest.xml
	android:versionName
		ADDED from src\main\AndroidManifest.xml:5:7-32
		INJECTED from src\main\AndroidManifest.xml
		INJECTED from src\main\AndroidManifest.xml
	xmlns:android
		ADDED from src\main\AndroidManifest.xml:2:11-69
	android:versionCode
		ADDED from src\main\AndroidManifest.xml:4:7-30
		INJECTED from src\main\AndroidManifest.xml
		INJECTED from src\main\AndroidManifest.xml
application
ADDED from src\main\AndroidManifest.xml:7:5-39:19
	android:label
		ADDED from src\main\AndroidManifest.xml:7:48-80
	android:icon
		ADDED from src\main\AndroidManifest.xml:7:18-47
activity#com.kidsalphabet.MenuActivity
ADDED from src\main\AndroidManifest.xml:8:9-14:20
	android:screenOrientation
		ADDED from src\main\AndroidManifest.xml:9:52-89
	android:label
		ADDED from src\main\AndroidManifest.xml:9:19-51
	android:description
		ADDED from src\main\AndroidManifest.xml:9:90-128
	android:name
		ADDED from src\main\AndroidManifest.xml:8:19-46
intent-filter#action:name:android.intent.action.MAIN+category:name:android.intent.category.LAUNCHER
ADDED from src\main\AndroidManifest.xml:10:13-13:29
action#android.intent.action.MAIN
ADDED from src\main\AndroidManifest.xml:11:17-69
	android:name
		ADDED from src\main\AndroidManifest.xml:11:25-66
category#android.intent.category.LAUNCHER
ADDED from src\main\AndroidManifest.xml:12:17-77
	android:name
		ADDED from src\main\AndroidManifest.xml:12:27-74
activity#com.kidsalphabet.MainActivity
ADDED from src\main\AndroidManifest.xml:15:9-20:20
	android:screenOrientation
		ADDED from src\main\AndroidManifest.xml:16:52-89
	android:label
		ADDED from src\main\AndroidManifest.xml:16:19-51
	android:description
		ADDED from src\main\AndroidManifest.xml:16:90-128
	android:name
		ADDED from src\main\AndroidManifest.xml:15:19-46
intent-filter#action:name:android.intent.action.MAIN
ADDED from src\main\AndroidManifest.xml:17:13-19:29
activity#com.kidsalphabet.RecollectActivity
ADDED from src\main\AndroidManifest.xml:21:9-26:20
	android:screenOrientation
		ADDED from src\main\AndroidManifest.xml:22:52-89
	android:label
		ADDED from src\main\AndroidManifest.xml:22:19-51
	android:description
		ADDED from src\main\AndroidManifest.xml:22:90-128
	android:name
		ADDED from src\main\AndroidManifest.xml:21:19-51
activity#com.kidsalphabet.QuizActivity
ADDED from src\main\AndroidManifest.xml:27:9-32:20
	android:screenOrientation
		ADDED from src\main\AndroidManifest.xml:28:52-89
	android:label
		ADDED from src\main\AndroidManifest.xml:28:19-51
	android:description
		ADDED from src\main\AndroidManifest.xml:28:90-128
	android:name
		ADDED from src\main\AndroidManifest.xml:27:19-46
activity#com.kidsalphabet.CanvasActivity
ADDED from src\main\AndroidManifest.xml:33:9-38:20
	android:screenOrientation
		ADDED from src\main\AndroidManifest.xml:34:52-89
	android:label
		ADDED from src\main\AndroidManifest.xml:34:19-51
	android:description
		ADDED from src\main\AndroidManifest.xml:34:90-128
	android:name
		ADDED from src\main\AndroidManifest.xml:33:19-48
uses-sdk
INJECTED from src\main\AndroidManifest.xml reason: use-sdk injection requested
INJECTED from src\main\AndroidManifest.xml
INJECTED from src\main\AndroidManifest.xml
INJECTED from src\main\AndroidManifest.xml
INJECTED from src\main\AndroidManifest.xml
	android:targetSdkVersion
		INJECTED from src\main\AndroidManifest.xml
		ADDED from src\main\AndroidManifest.xml
		INJECTED from src\main\AndroidManifest.xml
	android:minSdkVersion
		INJECTED from src\main\AndroidManifest.xml
		ADDED from src\main\AndroidManifest.xml
		INJECTED from src\main\AndroidManifest.xml